[debug] [2021-08-04T22:47:51.613Z] ----------------------------------------------------------------------
[debug] [2021-08-04T22:47:51.615Z] Command:       C:\Users\gokus\DOWNLO~1\firebase-tools-instant-win.exe C:\Users\gokus\.cache\firebase\tools\lib\node_modules\firebase-tools\lib\bin\firebase init
[debug] [2021-08-04T22:47:51.616Z] CLI Version:   9.16.0
[debug] [2021-08-04T22:47:51.616Z] Platform:      win32
[debug] [2021-08-04T22:47:51.616Z] Node Version:  v12.18.1
[debug] [2021-08-04T22:47:51.617Z] Time:          Wed Aug 04 2021 17:47:51 GMT-0500 (GMT-05:00)
[debug] [2021-08-04T22:47:51.617Z] ----------------------------------------------------------------------
[debug] 
[debug] [2021-08-04T22:47:51.624Z] > command requires scopes: ["email","openid","https://www.googleapis.com/auth/cloudplatformprojects.readonly","https://www.googleapis.com/auth/firebase","https://www.googleapis.com/auth/cloud-platform"]
[debug] [2021-08-04T22:47:51.624Z] > authorizing via signed-in user (antonybey13@gmail.com)
[info] 
     ######## #### ########  ######## ########     ###     ######  ########
     ##        ##  ##     ## ##       ##     ##  ##   ##  ##       ##
     ######    ##  ########  ######   ########  #########  ######  ######
     ##        ##  ##    ##  ##       ##     ## ##     ##       ## ##
     ##       #### ##     ## ######## ########  ##     ##  ######  ########

You're about to initialize a Firebase project in this directory:

  D:\Visual Studio Code\Proyecto Pagina Web

[info] 
=== Project Setup
[info] 
[info] First, let's associate this project directory with a Firebase project.
[info] You can create multiple project aliases by running firebase use --add, 
[info] but for now we'll just set up a default project.
[info] 
[debug] [2021-08-04T22:51:41.445Z] >>> [apiv2][query] GET https://firebase.googleapis.com/v1beta1/projects pageSize=100
[debug] [2021-08-04T22:51:41.836Z] <<< [apiv2][status] GET https://firebase.googleapis.com/v1beta1/projects 200
[debug] [2021-08-04T22:51:41.837Z] <<< [apiv2][body] GET https://firebase.googleapis.com/v1beta1/projects [omitted]
[info] i  Using project test-16b4c (Test) 
[info] 
=== Hosting Setup
[info] 
[info] Your public directory is the folder (relative to your project directory) that
[info] will contain Hosting assets to be uploaded with firebase deploy. If you
[info] have a build process for your assets, use your build's output directory.
[info] 
[info] +  Wrote public/404.html 
[debug] [2021-08-04T22:52:26.350Z] >>> [apiv2][query] GET https://www.gstatic.com/firebasejs/releases.json [none]
[debug] [2021-08-04T22:52:26.554Z] <<< [apiv2][status] GET https://www.gstatic.com/firebasejs/releases.json 200
[debug] [2021-08-04T22:52:26.554Z] <<< [apiv2][body] GET https://www.gstatic.com/firebasejs/releases.json {"current":{"version":"8.8.1","browserURL":"https://www.gstatic.com/firebasejs/8.8.1/firebase.js","packageURL":"https://www.gstatic.com/firebasejs/8.8.1/firebase.tgz"},"live":{"version":"8.8","browserURL":"https://www.gstatic.com/firebasejs/live/8.8/firebase.js","packageURL":"https://www.gstatic.com/firebasejs/live/8.8/firebase.tgz"},"components":{"analytics":"https://www.gstatic.com/firebasejs/8.8.1/firebase-analytics.js","app":"https://www.gstatic.com/firebasejs/8.8.1/firebase-app.js","app-check":"https://www.gstatic.com/firebasejs/8.8.1/firebase-app-check.js","auth":"https://www.gstatic.com/firebasejs/8.8.1/firebase-auth.js","database":"https://www.gstatic.com/firebasejs/8.8.1/firebase-database.js","firestore":"https://www.gstatic.com/firebasejs/8.8.1/firebase-firestore.js","functions":"https://www.gstatic.com/firebasejs/8.8.1/firebase-functions.js","installations":"https://www.gstatic.com/firebasejs/8.8.1/firebase-installations.js","messaging":"https://www.gstatic.com/firebasejs/8.8.1/firebase-messaging.js","storage":"https://www.gstatic.com/firebasejs/8.8.1/firebase-storage.js","performance":"https://www.gstatic.com/firebasejs/8.8.1/firebase-performance.js","remote-config":"https://www.gstatic.com/firebasejs/8.8.1/firebase-remote-config.js","firestore.memory":"https://www.gstatic.com/firebasejs/8.8.1/firebase-firestore.memory.js"}}
[info] +  Wrote public/index.html 
[info] 
[info] i  Didn't detect a .git folder. Assuming D:\Visual Studio Code\Proyecto Pagina Web is the project root. 
[info] i  Authorizing with GitHub to upload your service account to a GitHub repository's secrets store. 
[info] 
[info] Visit this URL on this device to log in:
[info] https://github.com/login/oauth/authorize?client_id=89cf50f02ac6aaed3484&state=1042664856&redirect_uri=http%3A%2F%2Flocalhost%3A9005&scope=read%3Auser%20repo%20public_repo
[info] 
[info] Waiting for authentication...
[debug] [2021-08-04T22:52:39.168Z] >>> HTTP REQUEST POST https://github.com/login/oauth/access_token  
 {"client_id":"89cf50f02ac6aaed3484","client_secret":"3330d14abc895d9a74d5f17cd7a00711fa2c5bf0","code":"0c08e4a2115c1ba65387","redirect_uri":"http://localhost:9005","state":"1042664856"}
[debug] [2021-08-04T22:52:39.569Z] <<< HTTP RESPONSE 200 {"server":"GitHub.com","date":"Wed, 04 Aug 2021 22:52:39 GMT","content-type":"application/json; charset=utf-8","transfer-encoding":"chunked","vary":"X-PJAX, Accept-Encoding, Accept, X-Requested-With","permissions-policy":"interest-cohort=()","etag":"W/\"46eef2c342b326492efc318a93d198f7\"","cache-control":"max-age=0, private, must-revalidate","strict-transport-security":"max-age=31536000; includeSubdomains; preload","x-frame-options":"deny","x-content-type-options":"nosniff","x-xss-protection":"0","referrer-policy":"origin-when-cross-origin, strict-origin-when-cross-origin","expect-ct":"max-age=2592000, report-uri=\"https://api.github.com/_private/browser/errors\"","content-security-policy":"default-src 'none'; base-uri 'self'; block-all-mixed-content; connect-src 'self' uploads.github.com www.githubstatus.com collector.githubapp.com api.github.com github-cloud.s3.amazonaws.com github-production-repository-file-5c1aeb.s3.amazonaws.com github-production-upload-manifest-file-7fdce7.s3.amazonaws.com github-production-user-asset-6210df.s3.amazonaws.com cdn.optimizely.com logx.optimizely.com/v1/events translator.github.com wss://alive.github.com; font-src github.githubassets.com; form-action 'self' github.com gist.github.com; frame-ancestors 'none'; frame-src render.githubusercontent.com render-temp.githubusercontent.com viewscreen.githubusercontent.com; img-src 'self' data: github.githubassets.com identicons.github.com collector.githubapp.com github-cloud.s3.amazonaws.com secured-user-images.githubusercontent.com/ *.githubusercontent.com; manifest-src 'self'; media-src 'none'; script-src github.githubassets.com; style-src 'unsafe-inline' github.githubassets.com; worker-src github.com/socket-worker-3f088aa2.js gist.github.com/socket-worker-3f088aa2.js","x-github-request-id":"34DE:659A:2278A5:312073:610B1A37"}
[debug] [2021-08-04T22:52:39.572Z] >>> [apiv2][query] GET https://api.github.com/user [none]
[debug] [2021-08-04T22:52:39.982Z] <<< [apiv2][status] GET https://api.github.com/user 200
[debug] [2021-08-04T22:52:39.982Z] <<< [apiv2][body] GET https://api.github.com/user {"login":"AntoniodroioZ","id":44413465,"node_id":"MDQ6VXNlcjQ0NDEzNDY1","avatar_url":"https://avatars.githubusercontent.com/u/44413465?v=4","gravatar_id":"","url":"https://api.github.com/users/AntoniodroioZ","html_url":"https://github.com/AntoniodroioZ","followers_url":"https://api.github.com/users/AntoniodroioZ/followers","following_url":"https://api.github.com/users/AntoniodroioZ/following{/other_user}","gists_url":"https://api.github.com/users/AntoniodroioZ/gists{/gist_id}","starred_url":"https://api.github.com/users/AntoniodroioZ/starred{/owner}{/repo}","subscriptions_url":"https://api.github.com/users/AntoniodroioZ/subscriptions","organizations_url":"https://api.github.com/users/AntoniodroioZ/orgs","repos_url":"https://api.github.com/users/AntoniodroioZ/repos","events_url":"https://api.github.com/users/AntoniodroioZ/events{/privacy}","received_events_url":"https://api.github.com/users/AntoniodroioZ/received_events","type":"User","site_admin":false,"name":null,"company":null,"blog":"","location":null,"email":null,"hireable":null,"bio":null,"twitter_username":null,"public_repos":0,"public_gists":0,"followers":0,"following":0,"created_at":"2018-10-23T18:55:51Z","updated_at":"2021-08-04T22:52:38Z","private_gists":0,"total_private_repos":1,"owned_private_repos":1,"disk_usage":71,"collaborators":0,"two_factor_authentication":false,"plan":{"name":"free","space":976562499,"collaborators":0,"private_repos":10000}}
[info] 
[info] +  Success! Logged into GitHub as AntoniodroioZ 
[info] 
[debug] [2021-08-04T22:52:50.809Z] >>> [apiv2][query] GET https://api.github.com/repos/user/actions/secrets/public-key type=owner
[debug] [2021-08-04T22:52:51.093Z] <<< [apiv2][status] GET https://api.github.com/repos/user/actions/secrets/public-key 404
[debug] [2021-08-04T22:52:51.093Z] <<< [apiv2][body] GET https://api.github.com/repos/user/actions/secrets/public-key {"message":"Not Found","documentation_url":"https://docs.github.com/rest"}
[debug] [2021-08-04T22:52:58.088Z] >>> [apiv2][query] GET https://api.github.com/repos/user/reporistory/actions/secrets/public-key type=owner
[debug] [2021-08-04T22:52:58.363Z] <<< [apiv2][status] GET https://api.github.com/repos/user/reporistory/actions/secrets/public-key 404
[debug] [2021-08-04T22:52:58.363Z] <<< [apiv2][body] GET https://api.github.com/repos/user/reporistory/actions/secrets/public-key {"message":"Not Found","documentation_url":"https://docs.github.com/rest/reference/actions#get-a-repository-public-key"}
[debug] [2021-08-04T22:53:07.069Z] >>> [apiv2][query] GET https://api.github.com/repos/format: user/actions/secrets/public-key type=owner
[debug] [2021-08-04T22:53:07.354Z] <<< [apiv2][status] GET https://api.github.com/repos/format: user/actions/secrets/public-key 404
[debug] [2021-08-04T22:53:07.354Z] <<< [apiv2][body] GET https://api.github.com/repos/format: user/actions/secrets/public-key {"message":"Not Found","documentation_url":"https://docs.github.com/rest"}
[debug] [2021-08-04T22:53:16.163Z] >>> [apiv2][query] GET https://api.github.com/repos//actions/secrets/public-key type=owner
[debug] [2021-08-04T22:53:16.440Z] <<< [apiv2][status] GET https://api.github.com/repos//actions/secrets/public-key 404
[debug] [2021-08-04T22:53:16.440Z] <<< [apiv2][body] GET https://api.github.com/repos//actions/secrets/public-key {"message":"Not Found","documentation_url":"https://docs.github.com/rest"}
[debug] [2021-08-04T22:53:18.569Z] >>> [apiv2][query] GET https://api.github.com/repos/no/actions/secrets/public-key type=owner
[debug] [2021-08-04T22:53:18.842Z] <<< [apiv2][status] GET https://api.github.com/repos/no/actions/secrets/public-key 404
[debug] [2021-08-04T22:53:18.843Z] <<< [apiv2][body] GET https://api.github.com/repos/no/actions/secrets/public-key {"message":"Not Found","documentation_url":"https://docs.github.com/rest"}
[debug] [2021-08-04T22:53:21.159Z] >>> [apiv2][query] GET https://api.github.com/repos/ayuda :'v/actions/secrets/public-key type=owner
[debug] [2021-08-04T22:53:21.438Z] <<< [apiv2][status] GET https://api.github.com/repos/ayuda :'v/actions/secrets/public-key 404
[debug] [2021-08-04T22:53:21.438Z] <<< [apiv2][body] GET https://api.github.com/repos/ayuda :'v/actions/secrets/public-key {"message":"Not Found","documentation_url":"https://docs.github.com/rest"}
[debug] [2021-08-04T22:53:28.090Z] >>> [apiv2][query] GET https://api.github.com/repos/user/actions/secrets/public-key type=owner
[debug] [2021-08-04T22:53:28.360Z] <<< [apiv2][status] GET https://api.github.com/repos/user/actions/secrets/public-key 404
[debug] [2021-08-04T22:53:28.360Z] <<< [apiv2][body] GET https://api.github.com/repos/user/actions/secrets/public-key {"message":"Not Found","documentation_url":"https://docs.github.com/rest"}
[debug] [2021-08-04T22:53:33.595Z] >>> [apiv2][query] GET https://api.github.com/repos/format: user/actions/secrets/public-key type=owner
[debug] [2021-08-04T22:53:33.889Z] <<< [apiv2][status] GET https://api.github.com/repos/format: user/actions/secrets/public-key 404
[debug] [2021-08-04T22:53:33.889Z] <<< [apiv2][body] GET https://api.github.com/repos/format: user/actions/secrets/public-key {"message":"Not Found","documentation_url":"https://docs.github.com/rest"}
